[debug] [2023-05-03T09:55:04.203Z] ----------------------------------------------------------------------
[debug] [2023-05-03T09:55:04.205Z] Command:       C:\Program Files\nodejs\node.exe C:\Users\maria\AppData\Roaming\npm\node_modules\firebase-tools\lib\bin\firebase.js init
[debug] [2023-05-03T09:55:04.205Z] CLI Version:   11.29.1
[debug] [2023-05-03T09:55:04.206Z] Platform:      win32
[debug] [2023-05-03T09:55:04.206Z] Node Version:  v18.13.0
[debug] [2023-05-03T09:55:04.207Z] Time:          Wed May 03 2023 15:55:04 GMT+0600 (Bangladesh Standard Time)
[debug] [2023-05-03T09:55:04.207Z] ----------------------------------------------------------------------
[debug] 
[debug] [2023-05-03T09:55:04.211Z] >>> [apiv2][query] GET https://firebase-public.firebaseio.com/cli.json [none]
[debug] [2023-05-03T09:55:04.264Z] > command requires scopes: ["email","openid","https://www.googleapis.com/auth/cloudplatformprojects.readonly","https://www.googleapis.com/auth/firebase","https://www.googleapis.com/auth/cloud-platform"]
[debug] [2023-05-03T09:55:04.265Z] > authorizing via signed-in user (moriam15-12880@diu.edu.bd)
[info] 
     ######## #### ########  ######## ########     ###     ######  ########
     ##        ##  ##     ## ##       ##     ##  ##   ##  ##       ##
     ######    ##  ########  ######   ########  #########  ######  ######
     ##        ##  ##    ##  ##       ##     ## ##     ##       ## ##
     ##       #### ##     ## ######## ########  ##     ##  ######  ########

You're about to initialize a Firebase project in this directory:

  E:\p_7\Assignment\assignment-10\cooking-alchemist-server

[debug] [2023-05-03T09:55:05.980Z] <<< [apiv2][status] GET https://firebase-public.firebaseio.com/cli.json 200
[debug] [2023-05-03T09:55:05.980Z] <<< [apiv2][body] GET https://firebase-public.firebaseio.com/cli.json {"cloudBuildErrorAfter":1594252800000,"cloudBuildWarnAfter":1590019200000,"defaultNode10After":1594252800000,"minVersion":"3.0.5","node8DeploysDisabledAfter":1613390400000,"node8RuntimeDisabledAfter":1615809600000,"node8WarnAfter":1600128000000}
